<?xml version="1.0" encoding="UTF-8"?>
<testsuite name="com.example.appengine.java8.HelloAppEngineTest" tests="2" skipped="0" failures="0" errors="0" timestamp="2019-12-30T03:02:55" hostname="Xis-MacBook-Pro-2.local" time="0.189">
  <properties/>
  <testcase name="helloInfoTest" classname="com.example.appengine.java8.HelloAppEngineTest" time="0.183"/>
  <testcase name="doGetWritesResponse" classname="com.example.appengine.java8.HelloAppEngineTest" time="0.005"/>
  <system-out><![CDATA[]]></system-out>
  <system-err><![CDATA[]]></system-err>
</testsuite>
